<?xml version="1.0" encoding="utf-8"?><testsuites name="pytest tests"><testsuite name="pytest" errors="0" failures="0" skipped="0" tests="20" time="2.131" timestamp="2026-05-31T07:49:19.437241+00:00" hostname="agent-env-470a24a8-b445-4350-9fe1-53882d4c61a6"><testcase classname="backend.tests.test_crm_api.TestAuth" name="test_api_root" time="0.139" /><testcase classname="backend.tests.test_crm_api.TestAuth" name="test_login_admin_success" time="0.333" /><testcase classname="backend.tests.test_crm_api.TestAuth" name="test_login_invalid_credentials" time="0.103" /><testcase classname="backend.tests.test_crm_api.TestAuth" name="test_get_me_admin" time="0.312" /><testcase classname="backend.tests.test_crm_api.TestAuth" name="test_register_business_owner" time="0.411" /><testcase classname="backend.tests.test_crm_api.TestAdmin" name="test_get_businesses" time="0.049" /><testcase classname="backend.tests.test_crm_api.TestAdmin" name="test_get_admin_analytics" time="0.046" /><testcase classname="backend.tests.test_crm_api.TestAdmin" name="test_admin_leads" time="0.046" /><testcase classname="backend.tests.test_crm_api.TestAdmin" name="test_unauthorized_admin_access" time="0.105" /><testcase classname="backend.tests.test_crm_api.TestLeads" name="test_create_lead" time="0.051" /><testcase classname="backend.tests.test_crm_api.TestLeads" name="test_get_leads" time="0.045" /><testcase classname="backend.tests.test_crm_api.TestLeads" name="test_get_lead_by_id" time="0.045" /><testcase classname="backend.tests.test_crm_api.TestLeads" name="test_update_lead" time="0.046" /><testcase classname="backend.tests.test_crm_api.TestLeads" name="test_delete_lead" time="0.046" /><testcase classname="backend.tests.test_crm_api.TestAppointments" name="test_get_appointments" time="0.045" /><testcase classname="backend.tests.test_crm_api.TestAppointments" name="test_create_appointment" time="0.044" /><testcase classname="backend.tests.test_crm_api.TestAnalytics" name="test_get_analytics" time="0.050" /><testcase classname="backend.tests.test_crm_api.TestConversations" name="test_get_conversations" time="0.048" /><testcase classname="backend.tests.test_crm_api.TestSettings" name="test_get_settings" time="0.046" /><testcase classname="backend.tests.test_crm_api.TestIntegrations" name="test_get_integrations" time="0.047" /></testsuite></testsuites>